00:26:45 **** Incremental Build of configuration Debug for project EX3,4 ****
make -j16 all 
arm-none-eabi-gcc -o "EX3,4.elf" @"objects.list"   -mcpu=cortex-m3 -T"W:\LAB2_VXL\EX3\STM32F103C6UX_FLASH.ld" --specs=nosys.specs -Wl,-Map="EX3,4.map" -Wl,--gc-sections -static --specs=nano.specs -mfloat-abi=soft -mthumb -Wl,--start-group -lc -lm -Wl,--end-group
c:\st\stm32cubeide_1.7.0\stm32cubeide\plugins\com.st.stm32cube.ide.mcu.externaltools.gnu-tools-for-stm32.9-2020-q2-update.win32_2.0.0.202105311346\tools\arm-none-eabi\bin\ld.exe: cannot find 4.map: No such file or directory
collect2.exe: error: ld returned 1 exit status
make: *** [makefile:68: EX3,4.elf] Error 1
"make -j16 all" terminated with exit code 2. Build might be incomplete.

00:26:46 Build Failed. 2 errors, 0 warnings. (took 385ms)

